
The following have been reloaded with a version change:
  1) FFTW/3.3.8-gompic-2019b => FFTW/3.3.8-gompi-2019b
  2) OpenMPI/3.1.4-gcccuda-2019b => OpenMPI/3.1.4-GCC-8.3.0
  3) ScaLAPACK/2.0.2-gompic-2019b => ScaLAPACK/2.0.2-gompi-2019b
  4) SciPy-bundle/2019.10-fosscuda-2019b-Python-3.7.4 => SciPy-bundle/2019.10-foss-2019b-Python-3.7.4

--------------------------------------------------------------------------
[[37921,1],0]: A high-performance Open MPI point-to-point messaging module
was unable to find any relevant network interfaces:

Module: OpenFabrics (openib)
  Host: drg2-w018

Another transport will be used instead, although this may result in
lower performance.

NOTE: You can disable this warning by setting the MCA parameter
btl_base_warn_component_unused to 0.
--------------------------------------------------------------------------
2021-08-19 19:18:35.952304: I tensorflow/stream_executor/platform/default/dso_loader.cc:48] Successfully opened dynamic library libcudart.so.10.1
Using TensorFlow backend.
WARNING:tensorflow:From /opt/cecisw/arch/easybuild/2019b/software/TensorFlow/2.3.1-fosscuda-2019b-Python-3.7.4/lib/python3.7/site-packages/tensorflow/python/compat/v2_compat.py:96: disable_resource_variables (from tensorflow.python.ops.variable_scope) is deprecated and will be removed in a future version.
Instructions for updating:
non-resource variables are not supported in the long term
2021-08-19 19:19:44.645380: I tensorflow/stream_executor/platform/default/dso_loader.cc:48] Successfully opened dynamic library libcuda.so.1
2021-08-19 19:19:44.700794: I tensorflow/core/common_runtime/gpu/gpu_device.cc:1716] Found device 0 with properties: 
pciBusID: 0000:3b:00.0 name: Tesla V100-PCIE-16GB computeCapability: 7.0
coreClock: 1.38GHz coreCount: 80 deviceMemorySize: 15.78GiB deviceMemoryBandwidth: 836.37GiB/s
2021-08-19 19:19:44.700844: I tensorflow/stream_executor/platform/default/dso_loader.cc:48] Successfully opened dynamic library libcudart.so.10.1
2021-08-19 19:19:44.704697: I tensorflow/stream_executor/platform/default/dso_loader.cc:48] Successfully opened dynamic library libcublas.so.10
2021-08-19 19:19:44.707519: I tensorflow/stream_executor/platform/default/dso_loader.cc:48] Successfully opened dynamic library libcufft.so.10
2021-08-19 19:19:44.709068: I tensorflow/stream_executor/platform/default/dso_loader.cc:48] Successfully opened dynamic library libcurand.so.10
2021-08-19 19:19:44.711966: I tensorflow/stream_executor/platform/default/dso_loader.cc:48] Successfully opened dynamic library libcusolver.so.10
2021-08-19 19:19:44.713977: I tensorflow/stream_executor/platform/default/dso_loader.cc:48] Successfully opened dynamic library libcusparse.so.10
2021-08-19 19:19:44.719064: I tensorflow/stream_executor/platform/default/dso_loader.cc:48] Successfully opened dynamic library libcudnn.so.7
2021-08-19 19:19:44.720360: I tensorflow/core/common_runtime/gpu/gpu_device.cc:1858] Adding visible gpu devices: 0
2021-08-19 19:19:44.724711: I tensorflow/core/common_runtime/gpu/gpu_device.cc:1716] Found device 0 with properties: 
pciBusID: 0000:3b:00.0 name: Tesla V100-PCIE-16GB computeCapability: 7.0
coreClock: 1.38GHz coreCount: 80 deviceMemorySize: 15.78GiB deviceMemoryBandwidth: 836.37GiB/s
2021-08-19 19:19:44.724738: I tensorflow/stream_executor/platform/default/dso_loader.cc:48] Successfully opened dynamic library libcudart.so.10.1
2021-08-19 19:19:44.724762: I tensorflow/stream_executor/platform/default/dso_loader.cc:48] Successfully opened dynamic library libcublas.so.10
2021-08-19 19:19:44.724777: I tensorflow/stream_executor/platform/default/dso_loader.cc:48] Successfully opened dynamic library libcufft.so.10
2021-08-19 19:19:44.724790: I tensorflow/stream_executor/platform/default/dso_loader.cc:48] Successfully opened dynamic library libcurand.so.10
2021-08-19 19:19:44.724804: I tensorflow/stream_executor/platform/default/dso_loader.cc:48] Successfully opened dynamic library libcusolver.so.10
2021-08-19 19:19:44.724817: I tensorflow/stream_executor/platform/default/dso_loader.cc:48] Successfully opened dynamic library libcusparse.so.10
2021-08-19 19:19:44.724835: I tensorflow/stream_executor/platform/default/dso_loader.cc:48] Successfully opened dynamic library libcudnn.so.7
2021-08-19 19:19:44.726037: I tensorflow/core/common_runtime/gpu/gpu_device.cc:1858] Adding visible gpu devices: 0
2021-08-19 19:19:44.726066: I tensorflow/stream_executor/platform/default/dso_loader.cc:48] Successfully opened dynamic library libcudart.so.10.1
2021-08-19 19:19:45.340924: I tensorflow/core/common_runtime/gpu/gpu_device.cc:1257] Device interconnect StreamExecutor with strength 1 edge matrix:
2021-08-19 19:19:45.340968: I tensorflow/core/common_runtime/gpu/gpu_device.cc:1263]      0 
2021-08-19 19:19:45.340975: I tensorflow/core/common_runtime/gpu/gpu_device.cc:1276] 0:   N 
2021-08-19 19:19:45.343081: I tensorflow/core/common_runtime/gpu/gpu_device.cc:1402] Created TensorFlow device (/job:localhost/replica:0/task:0/device:GPU:0 with 14789 MB memory) -> physical GPU (device: 0, name: Tesla V100-PCIE-16GB, pci bus id: 0000:3b:00.0, compute capability: 7.0)
2021-08-19 19:19:45.343544: I tensorflow/core/common_runtime/process_util.cc:146] Creating new thread pool with default inter op setting: 8. Tune using inter_op_parallelism_threads for best performance.
WARNING:tensorflow:From /opt/cecisw/arch/easybuild/2019b/software/TensorFlow/2.3.1-fosscuda-2019b-Python-3.7.4/lib/python3.7/site-packages/tensorflow/python/util/dispatch.py:201: calling reduce_prod_v1 (from tensorflow.python.ops.math_ops) with keep_dims is deprecated and will be removed in a future version.
Instructions for updating:
keep_dims is deprecated, use keepdims instead
WARNING:tensorflow:From /opt/cecisw/arch/easybuild/2019b/software/TensorFlow/2.3.1-fosscuda-2019b-Python-3.7.4/lib/python3.7/site-packages/tensorflow/python/util/tf_should_use.py:247: initialize_all_variables (from tensorflow.python.ops.variables) is deprecated and will be removed after 2017-03-02.
Instructions for updating:
Use `tf.global_variables_initializer` instead.
2021-08-19 19:21:06.007548: I tensorflow/stream_executor/platform/default/dso_loader.cc:48] Successfully opened dynamic library libcublas.so.10
2021-08-19 19:21:06.285116: I tensorflow/stream_executor/platform/default/dso_loader.cc:48] Successfully opened dynamic library libcudnn.so.7
Namespace(center=False, epochs=[30, 100], naive=False, network='DDPG', obs_type='densities', resize=False, reward='killed', special=True, tumor_radius=False)
Tick :  0
Tick :  1
Tick :  2
Tick :  3
Tick :  4
Tick :  5
Tick :  6
Tick :  7
Tick :  8
Tick :  9
Tick :  10
Tick :  11
Tick :  12
Tick :  13
Tick :  14
Tick :  15
Tick :  16
Tick :  17
Tick :  18
Tick :  19
Tick :  20
Tick :  21
Tick :  22
Tick :  23
Tick :  24
Tick :  25
Tick :  26
Tick :  27
Tick :  28
Tick :  29
Tick :  30
Tick :  31
Tick :  32
Tick :  33
Tick :  34
Tick :  35
Tick :  36
Tick :  37
Tick :  38
Tick :  39
Tick :  40
Tick :  41
Tick :  42
Tick :  43
Tick :  44
Tick :  45
Tick :  46
Tick :  47
Tick :  48
Tick :  49
Tick :  50
Tick :  51
Tick :  52
Tick :  53
Tick :  54
Tick :  55
Tick :  56
Tick :  57
Tick :  58
Tick :  59
Tick :  60
Tick :  61
Tick :  62
Tick :  63
Tick :  64
Tick :  65
Tick :  66
Tick :  67
Tick :  68
Tick :  69
Tick :  70
Tick :  71
Tick :  72
Tick :  73
Tick :  74
Tick :  75
Tick :  76
Tick :  77
Tick :  78
Tick :  79
Tick :  80
Tick :  81
Tick :  82
Tick :  83
Tick :  84
Tick :  85
Tick :  86
Tick :  87
Tick :  88
Tick :  89
Tick :  90
Tick :  91
Tick :  92
Tick :  93
Tick :  94
Tick :  95
Tick :  96
Tick :  97
Tick :  98
Tick :  99
Tick :  100
Tick :  101
Tick :  102
Tick :  103
Tick :  104
Tick :  105
Tick :  106
Tick :  107
Tick :  108
Tick :  109
Tick :  110
Tick :  111
Tick :  112
Tick :  113
Tick :  114
Tick :  115
Tick :  116
Tick :  117
Tick :  118
Tick :  119
Tick :  120
Tick :  121
Tick :  122
Tick :  123
Tick :  124
Tick :  125
Tick :  126
Tick :  127
Tick :  128
Tick :  129
Tick :  130
Tick :  131
Tick :  132
Tick :  133
Tick :  134
Tick :  135
Tick :  136
Tick :  137
Tick :  138
Tick :  139
Tick :  140
Tick :  141
Tick :  142
Tick :  143
Tick :  144
Tick :  145
Tick :  146
Tick :  147
Tick :  148
Tick :  149
Tick :  150
Tick :  151
Tick :  152
Tick :  153
Tick :  154
Tick :  155
Tick :  156
Tick :  157
Tick :  158
Tick :  159
Tick :  160
Tick :  161
Tick :  162
Tick :  163
Tick :  164
Tick :  165
Tick :  166
Tick :  167
Tick :  168
Tick :  169
Tick :  170
Tick :  171
Tick :  172
Tick :  173
Tick :  174
Tick :  175
Tick :  176
Tick :  177
Tick :  178
Tick :  179
nnet 27
Tick :  0
Tick :  1
Tick :  2
Tick :  3
Tick :  4
Tick :  5
Tick :  6
Tick :  7
Tick :  8
Tick :  9
Tick :  10
Tick :  11
Tick :  12
Tick :  13
Tick :  14
Tick :  15
Tick :  16
Tick :  17
Tick :  18
Tick :  19
Tick :  20
Tick :  21
Tick :  22
Tick :  23
Tick :  24
Tick :  25
Tick :  26
Tick :  27
Tick :  28
Tick :  29
Tick :  30
Tick :  31
Tick :  32
Tick :  33
Tick :  34
Tick :  35
Tick :  36
Tick :  37
Tick :  38
Tick :  39
Tick :  40
Tick :  41
Tick :  42
Tick :  43
Tick :  44
Tick :  45
Tick :  46
Tick :  47
Tick :  48
Tick :  49
Tick :  50
Tick :  51
Tick :  52
Tick :  53
Tick :  54
Tick :  55
Tick :  56
Tick :  57
Tick :  58
Tick :  59
Tick :  60
Tick :  61
Tick :  62
Tick :  63
Tick :  64
Tick :  65
Tick :  66
Tick :  67
Tick :  68
Tick :  69
Tick :  70
Tick :  71
Tick :  72
Tick :  73
Tick :  74
Tick :  75
Tick :  76
Tick :  77
Tick :  78
Tick :  79
Tick :  80
Tick :  81
Tick :  82
Tick :  83
Tick :  84
Tick :  85
Tick :  86
Tick :  87
Tick :  88
Tick :  89
Tick :  90
Tick :  91
Tick :  92
Tick :  93
Tick :  94
Tick :  95
Tick :  96
Tick :  97
Tick :  98
Tick :  99
Tick :  100
Tick :  101
Tick :  102
Tick :  103
Tick :  104
Tick :  105
Tick :  106
Tick :  107
Tick :  108
Tick :  109
Tick :  110
Tick :  111
Tick :  112
Tick :  113
Tick :  114
Tick :  115
Tick :  116
Tick :  117
Tick :  118
Tick :  119
Tick :  120
Tick :  121
Tick :  122
Tick :  123
Tick :  124
Tick :  125
Tick :  126
Tick :  127
Tick :  128
Tick :  129
Tick :  130
Tick :  131
Tick :  132
Tick :  133
Tick :  134
Tick :  135
Tick :  136
Tick :  137
Tick :  138
Tick :  139
Tick :  140
Tick :  141
Tick :  142
Tick :  143
Tick :  144
Tick :  145
Tick :  146
Tick :  147
Tick :  148
Tick :  149
Tick :  150
Tick :  151
Tick :  152
Tick :  153
Tick :  154
Tick :  155
Tick :  156
Tick :  157
Tick :  158
Tick :  159
Tick :  160
Tick :  161
Tick :  162
Tick :  163
Tick :  164
Tick :  165
Tick :  166
Tick :  167
Tick :  168
Tick :  169
Tick :  170
Tick :  171
Tick :  172
Tick :  173
Tick :  174
Tick :  175
Tick :  176
Tick :  177
Tick :  178
Tick :  179
Tick :  0
Tick :  1
Tick :  2
Tick :  3
Tick :  4
Tick :  5
Tick :  6
Tick :  7
Tick :  8
Tick :  9
Tick :  10
Tick :  11
Tick :  0
Tick :  1
Tick :  2
Tick :  3
Tick :  4
Tick :  5
Tick :  6
Tick :  7
Tick :  8
Tick :  9
Tick :  10
Tick :  11
Tick :  0
Tick :  1
Tick :  2
Tick :  3
Tick :  4
Tick :  5
Tick :  6
Tick :  7
Tick :  8
Tick :  9
Tick :  10
Tick :  11
Tick :  0
Tick :  1
Tick :  2
Tick :  3
Tick :  4
Tick :  5
Tick :  6
Tick :  7
Tick :  8
Tick :  9
Tick :  10
Tick :  11
Tick :  0
Tick :  1
Tick :  2
Tick :  3
Tick :  4
Tick :  5
Tick :  6
Tick :  7
Tick :  8
Tick :  9
Tick :  10
Tick :  11
Tick :  0
Tick :  1
Tick :  2
Tick :  3
Tick :  4
Tick :  5
Tick :  6
Tick :  7
Tick :  8
Tick :  9
Tick :  10
Tick :  11
Tick :  0
Tick :  1
Tick :  2
Tick :  3
Tick :  4
Tick :  5
Tick :  6
Tick :  7
Tick :  8
Tick :  9
Tick :  10
Tick :  11
Tick :  0
Tick :  1
Tick :  2
Tick :  3
Tick :  4
Tick :  5
Tick :  6
Tick :  7
Tick :  8
Tick :  9
Tick :  10
Tick :  11
Tick :  0
Tick :  1
Tick :  2
Tick :  3
Tick :  4
Tick :  5
Tick :  6
Tick :  7
Tick :  8
Tick :  9
Tick :  10
Tick :  11
Tick :  0
Tick :  1
Tick :  2
Tick :  3
Tick :  4
Tick :  5
Tick :  6
Tick :  7
Tick :  8
Tick :  9
Tick :  10
Tick :  11
Tick :  0
Tick :  1
Tick :  2
Tick :  3
Tick :  4
Tick :  5
Tick :  6
Tick :  7
Tick :  8
Tick :  9
Tick :  10
Tick :  11
Tick :  0
Tick :  1
Tick :  2
Tick :  3
Tick :  4
Tick :  5
Tick :  6
Tick :  7
Tick :  8
Tick :  9
Tick :  10
Tick :  11
Tick :  0
Tick :  1
Tick :  2
Tick :  3
Tick :  4
Tick :  5
Tick :  6
Tick :  7
Tick :  8
Tick :  9
Tick :  10
Tick :  11
Tick :  0
Tick :  1
Tick :  2
Tick :  3
Tick :  4
Tick :  5
Tick :  6
Tick :  7
Tick :  8
Tick :  9
Tick :  10
Tick :  11
Tick :  0
Tick :  1
Tick :  2
Tick :  3
Tick :  4
Tick :  5
Tick :  6
Tick :  7
Tick :  8
Tick :  9
Tick :  10
Tick :  11
Tick :  0
Tick :  1
Tick :  2
Tick :  3
Tick :  4
Tick :  5
Tick :  6
Tick :  7
Tick :  8
Tick :  9
Tick :  10
Tick :  11
Tick :  0
Tick :  1
Tick :  2
Tick :  3
Tick :  4
Tick :  5
Tick :  6
Tick :  7
Tick :  8
Tick :  9
Tick :  10
Tick :  11
Tick :  0
Tick :  1
Tick :  2
Tick :  3
Tick :  4
Tick :  5
Tick :  6
Tick :  7
Tick :  8
Tick :  9
Tick :  10
Tick :  11
Tick :  0
Tick :  1
Tick :  2
Tick :  3
Tick :  4
Tick :  5
Tick :  6
Tick :  7
Tick :  8
Tick :  9
Tick :  10
Tick :  11
Tick :  0
Tick :  1
Tick :  2
Tick :  3
Tick :  4
Tick :  5
Tick :  6
Tick :  7
Tick :  8
Tick :  9
Tick :  10
Tick :  11
Killed Healthy cells :  6711
Number Cancer cells post :  160
DONE
